
Showing logs for build [32mmeta-cb-kubecd-environment-pr-2-zbrkq-2[0m stage [32mmeta-pipeline[0m and container [32mstep-credential-initializer-tjhhq[0m
{"level":"info","ts":1592449228.3371115,"logger":"fallback-logger","caller":"logging/config.go:69","msg":"Fetch GitHub commit ID from kodata failed: open /var/run/ko/refs/heads/0.8.0-ns-support: no such file or directory"}
{"level":"info","ts":1592449228.337994,"logger":"fallback-logger","caller":"creds-init/main.go:40","msg":"Credentials initialized."}

Showing logs for build [32mmeta-cb-kubecd-environment-pr-2-zbrkq-2[0m stage [32mmeta-pipeline[0m and container [32mstep-working-dir-initializer-dtrp2[0m
{"level":"info","ts":1592449229.3084273,"logger":"fallback-logger","caller":"logging/config.go:69","msg":"Fetch GitHub commit ID from kodata failed: open /var/run/ko/HEAD: no such file or directory"}
{"level":"info","ts":1592449229.309708,"logger":"fallback-logger","caller":"bash/main.go:64","msg":"Successfully executed command \"sh -c mkdir -p /workspace/source\"; output "}

Showing logs for build [32mmeta-cb-kubecd-environment-pr-2-zbrkq-2[0m stage [32mmeta-pipeline[0m and container [32mstep-place-tools[0m

Showing logs for build [32mmeta-cb-kubecd-environment-pr-2-zbrkq-2[0m stage [32mmeta-pipeline[0m and container [32mstep-git-source-meta-cb-kubecd-environment-pr-2-zbrkq-77qw4[0m
{"level":"info","ts":1592449235.4575064,"logger":"fallback-logger","caller":"logging/config.go:69","msg":"Fetch GitHub commit ID from kodata failed: open /var/run/ko/refs/heads/0.8.0-ns-support: no such file or directory"}
{"level":"info","ts":1592449236.507568,"logger":"fallback-logger","caller":"git/git.go:103","msg":"Successfully cloned https://github.com/cb-kubecd/environment-pr-236-1-boot-gke-staging.git @ 2cee5d72096602497dcc9b0ac065741b3a0f1d40 in path /workspace/source"}

Showing logs for build [32mmeta-cb-kubecd-environment-pr-2-zbrkq-2[0m stage [32mmeta-pipeline[0m and container [32mstep-git-merge[0m
Using SHAs from PULL_REFS=master:2cee5d72096602497dcc9b0ac065741b3a0f1d40,3:04f758c2aa50d08532d245ceb96c67f9b5263401
DEBUG: LC_ALL=C JX_LOG_LEVEL=error git fetch origin --unshallow 04f758c2aa50d08532d245ceb96c67f9b5263401: 2cee5d72096602497dcc9b0ac065741b3a0f1d40:
DEBUG: ran git fetch --unshallow origin 04f758c2aa50d08532d245ceb96c67f9b5263401: 2cee5d72096602497dcc9b0ac065741b3a0f1d40: in 
DEBUG: LC_ALL=C JX_LOG_LEVEL=error git branch
DEBUG: LC_ALL=C JX_LOG_LEVEL=error git checkout master
DEBUG: ran git checkout master in 
DEBUG: LC_ALL=C JX_LOG_LEVEL=error git reset --hard 2cee5d72096602497dcc9b0ac065741b3a0f1d40
DEBUG: ran git reset --hard 2cee5d72096602497dcc9b0ac065741b3a0f1d40 in 
DEBUG: JX_LOG_LEVEL=error LC_ALL=C git clean -fd .
DEBUG: ran clean --force -d . in 
DEBUG: LC_ALL=C JX_LOG_LEVEL=error git merge 04f758c2aa50d08532d245ceb96c67f9b5263401
error: error during merge: merging 04f758c2aa50d08532d245ceb96c67f9b5263401 into master: git output: Auto-merging env/requirements.yaml
CONFLICT (content): Merge conflict in env/requirements.yaml
Automatic merge failed; fix conflicts and then commit the result.: failed to run 'git merge 04f758c2aa50d08532d245ceb96c67f9b5263401' command in directory '', output: 'Auto-merging env/requirements.yaml
CONFLICT (content): Merge conflict in env/requirements.yaml
Automatic merge failed; fix conflicts and then commit the result.'
[31m
Pipeline failed on stage 'meta-pipeline' : container 'step-git-merge'. The execution of the pipeline has stopped.[0m
