
Showing logs for build [32mcb-kubecd-environment-pr-236-1-vcfkb-1[0m stage [32mfrom-build-pack[0m and container [32mstep-credential-initializer-prnnf[0m
{"level":"info","ts":1592449136.462198,"logger":"fallback-logger","caller":"logging/config.go:69","msg":"Fetch GitHub commit ID from kodata failed: open /var/run/ko/refs/heads/0.8.0-ns-support: no such file or directory"}
{"level":"info","ts":1592449136.4641902,"logger":"fallback-logger","caller":"creds-init/main.go:40","msg":"Credentials initialized."}

Showing logs for build [32mcb-kubecd-environment-pr-236-1-vcfkb-1[0m stage [32mfrom-build-pack[0m and container [32mstep-working-dir-initializer-zc9kk[0m
{"level":"info","ts":1592449137.4866734,"logger":"fallback-logger","caller":"logging/config.go:69","msg":"Fetch GitHub commit ID from kodata failed: open /var/run/ko/HEAD: no such file or directory"}
{"level":"info","ts":1592449137.488248,"logger":"fallback-logger","caller":"bash/main.go:64","msg":"Successfully executed command \"sh -c mkdir -p /workspace/source\"; output "}

Showing logs for build [32mcb-kubecd-environment-pr-236-1-vcfkb-1[0m stage [32mfrom-build-pack[0m and container [32mstep-place-tools[0m

Showing logs for build [32mcb-kubecd-environment-pr-236-1-vcfkb-1[0m stage [32mfrom-build-pack[0m and container [32mstep-git-source-cb-kubecd-environment-pr-236-1-vcfkb-j2jgl[0m
{"level":"info","ts":1592449142.6462407,"logger":"fallback-logger","caller":"logging/config.go:69","msg":"Fetch GitHub commit ID from kodata failed: open /var/run/ko/refs/heads/0.8.0-ns-support: no such file or directory"}
{"level":"info","ts":1592449143.7864864,"logger":"fallback-logger","caller":"git/git.go:103","msg":"Successfully cloned https://github.com/cb-kubecd/environment-pr-236-1-boot-gke-staging.git @ master in path /workspace/source"}

Showing logs for build [32mcb-kubecd-environment-pr-236-1-vcfkb-1[0m stage [32mfrom-build-pack[0m and container [32mstep-git-merge[0m
Using SHAs from PULL_REFS=master:c2bb12f286801d644e19edf6e44c2db538721a01,4:60b9efe9e5d4a1dcac2dd206e71c5597e173253f
DEBUG: LC_ALL=C JX_LOG_LEVEL=error git fetch origin --unshallow 60b9efe9e5d4a1dcac2dd206e71c5597e173253f: c2bb12f286801d644e19edf6e44c2db538721a01:
DEBUG: ran git fetch --unshallow origin 60b9efe9e5d4a1dcac2dd206e71c5597e173253f: c2bb12f286801d644e19edf6e44c2db538721a01: in 
DEBUG: LC_ALL=C JX_LOG_LEVEL=error git branch
DEBUG: LC_ALL=C JX_LOG_LEVEL=error git checkout master
DEBUG: ran git checkout master in 
DEBUG: LC_ALL=C JX_LOG_LEVEL=error git reset --hard c2bb12f286801d644e19edf6e44c2db538721a01
DEBUG: ran git reset --hard c2bb12f286801d644e19edf6e44c2db538721a01 in 
DEBUG: LC_ALL=C JX_LOG_LEVEL=error git clean -fd .
DEBUG: ran clean --force -d . in 
DEBUG: LC_ALL=C JX_LOG_LEVEL=error git merge 60b9efe9e5d4a1dcac2dd206e71c5597e173253f
DEBUG: ran git merge 60b9efe9e5d4a1dcac2dd206e71c5597e173253f in 
DEBUG: LC_ALL=C JX_LOG_LEVEL=error git log --format=%H%x1f%an%x1f%ae%x1f%cn%x1f%ce%x1f%s%n%b%x1e c2bb12f286801d644e19edf6e44c2db538721a01..HEAD
Merged SHA 60b9efe9e5d4a1dcac2dd206e71c5597e173253f with commit message 'chore: Promote bdd-gh-1592448132 to version 0.0.1' into base branch master

Showing logs for build [32mcb-kubecd-environment-pr-236-1-vcfkb-1[0m stage [32mfrom-build-pack[0m and container [32mstep-build-helm-build[0m
WARNING: No $CHART_REPOSITORY defined so using the default value of: http://jenkins-x-chartmuseum:8080
Adding missing Helm repo: storage.googleapis.com https://storage.googleapis.com/chartmuseum.jenkins-x.io
WARNING: No secrets found on "helm/repos" due: reading the secret "helm/repos" from vault: no secret "helm/repos" not found in vault
Read credentials for https://storage.googleapis.com/chartmuseum.jenkins-x.io from vault helm/repos
Successfully added Helm repository storage.googleapis.com.
Adding missing Helm repo: jenkins-x-chartmuseum http://jenkins-x-chartmuseum:8080
WARNING: No secrets found on "helm/repos" due: reading the secret "helm/repos" from vault: no secret "helm/repos" not found in vault
Read credentials for http://jenkins-x-chartmuseum:8080 from vault helm/repos
Successfully added Helm repository jenkins-x-chartmuseum.
WARNING: No $CHART_REPOSITORY defined so using the default value of: http://jenkins-x-chartmuseum:8080
Adding missing Helm repo: chartmuseum.jenkins-x.io http://chartmuseum.jenkins-x.io
WARNING: No secrets found on "helm/repos" due: reading the secret "helm/repos" from vault: no secret "helm/repos" not found in vault
Read credentials for http://chartmuseum.jenkins-x.io from vault helm/repos
Successfully added Helm repository chartmuseum.jenkins-x.io.
