
Showing logs for build [32mcb-kubecd-environment-pr-236-1-5sqck-1[0m stage [32mfrom-build-pack[0m and container [32mstep-credential-initializer-j5jd9[0m
{"level":"info","ts":1592447374.4151154,"logger":"fallback-logger","caller":"logging/config.go:69","msg":"Fetch GitHub commit ID from kodata failed: open /var/run/ko/refs/heads/0.8.0-ns-support: no such file or directory"}
{"level":"info","ts":1592447374.4156935,"logger":"fallback-logger","caller":"creds-init/main.go:40","msg":"Credentials initialized."}

Showing logs for build [32mcb-kubecd-environment-pr-236-1-5sqck-1[0m stage [32mfrom-build-pack[0m and container [32mstep-working-dir-initializer-t898t[0m
{"level":"info","ts":1592447375.542965,"logger":"fallback-logger","caller":"logging/config.go:69","msg":"Fetch GitHub commit ID from kodata failed: open /var/run/ko/HEAD: no such file or directory"}
{"level":"info","ts":1592447375.5448356,"logger":"fallback-logger","caller":"bash/main.go:64","msg":"Successfully executed command \"sh -c mkdir -p /workspace/source\"; output "}

Showing logs for build [32mcb-kubecd-environment-pr-236-1-5sqck-1[0m stage [32mfrom-build-pack[0m and container [32mstep-place-tools[0m

Showing logs for build [32mcb-kubecd-environment-pr-236-1-5sqck-1[0m stage [32mfrom-build-pack[0m and container [32mstep-git-source-cb-kubecd-environment-pr-236-1-5sqck-h87dm[0m
{"level":"info","ts":1592447379.6240423,"logger":"fallback-logger","caller":"logging/config.go:69","msg":"Fetch GitHub commit ID from kodata failed: open /var/run/ko/refs/heads/0.8.0-ns-support: no such file or directory"}
{"level":"info","ts":1592447380.6484954,"logger":"fallback-logger","caller":"git/git.go:103","msg":"Successfully cloned https://github.com/cb-kubecd/environment-pr-236-1-boot-gke-staging.git @ master in path /workspace/source"}

Showing logs for build [32mcb-kubecd-environment-pr-236-1-5sqck-1[0m stage [32mfrom-build-pack[0m and container [32mstep-git-merge[0m
Using SHAs from PULL_REFS=master:67900e33bf0f4561e6ab46153f25f8d99f71dc2a,1:235bc83d7da6e068dfeb1db90bbc66afbe3cc1a1
DEBUG: LC_ALL=C JX_LOG_LEVEL=error git fetch origin --unshallow 235bc83d7da6e068dfeb1db90bbc66afbe3cc1a1: 67900e33bf0f4561e6ab46153f25f8d99f71dc2a:
DEBUG: ran git fetch --unshallow origin 235bc83d7da6e068dfeb1db90bbc66afbe3cc1a1: 67900e33bf0f4561e6ab46153f25f8d99f71dc2a: in 
DEBUG: JX_LOG_LEVEL=error LC_ALL=C git branch
DEBUG: LC_ALL=C JX_LOG_LEVEL=error git checkout master
DEBUG: ran git checkout master in 
DEBUG: LC_ALL=C JX_LOG_LEVEL=error git reset --hard 67900e33bf0f4561e6ab46153f25f8d99f71dc2a
DEBUG: ran git reset --hard 67900e33bf0f4561e6ab46153f25f8d99f71dc2a in 
DEBUG: LC_ALL=C JX_LOG_LEVEL=error git clean -fd .
DEBUG: ran clean --force -d . in 
DEBUG: LC_ALL=C JX_LOG_LEVEL=error git merge 235bc83d7da6e068dfeb1db90bbc66afbe3cc1a1
DEBUG: ran git merge 235bc83d7da6e068dfeb1db90bbc66afbe3cc1a1 in 
DEBUG: LC_ALL=C JX_LOG_LEVEL=error git log --format=%H%x1f%an%x1f%ae%x1f%cn%x1f%ce%x1f%s%n%b%x1e 67900e33bf0f4561e6ab46153f25f8d99f71dc2a..HEAD
Merged SHA 235bc83d7da6e068dfeb1db90bbc66afbe3cc1a1 with commit message 'chore: Promote bdd-spring-1592446994 to version 0.0.1' into base branch master

Showing logs for build [32mcb-kubecd-environment-pr-236-1-5sqck-1[0m stage [32mfrom-build-pack[0m and container [32mstep-build-helm-build[0m
WARNING: No $CHART_REPOSITORY defined so using the default value of: http://jenkins-x-chartmuseum:8080
Adding missing Helm repo: storage.googleapis.com https://storage.googleapis.com/chartmuseum.jenkins-x.io
WARNING: No secrets found on "helm/repos" due: reading the secret "helm/repos" from vault: no secret "helm/repos" not found in vault
Read credentials for https://storage.googleapis.com/chartmuseum.jenkins-x.io from vault helm/repos
Successfully added Helm repository storage.googleapis.com.
Adding missing Helm repo: jenkins-x-chartmuseum http://jenkins-x-chartmuseum:8080
WARNING: No secrets found on "helm/repos" due: reading the secret "helm/repos" from vault: no secret "helm/repos" not found in vault
Read credentials for http://jenkins-x-chartmuseum:8080 from vault helm/repos
Successfully added Helm repository jenkins-x-chartmuseum.
WARNING: No $CHART_REPOSITORY defined so using the default value of: http://jenkins-x-chartmuseum:8080
Adding missing Helm repo: chartmuseum.jenkins-x.io http://chartmuseum.jenkins-x.io
WARNING: No secrets found on "helm/repos" due: reading the secret "helm/repos" from vault: no secret "helm/repos" not found in vault
Read credentials for http://chartmuseum.jenkins-x.io from vault helm/repos
Successfully added Helm repository chartmuseum.jenkins-x.io.
